[INFO] Scanning for projects...
[INFO] 
[INFO] ------------------------< com.example:bff-srv >-------------------------
[INFO] Building bff-srv 0.0.1-SNAPSHOT
[INFO]   from pom.xml
[INFO] --------------------------------[ jar ]---------------------------------
[INFO] 
[INFO] --- resources:3.3.1:resources (default-resources) @ bff-srv ---
[INFO] Copying 2 resources from src/main/resources to target/classes
[INFO] Copying 0 resource from src/main/resources to target/classes
[INFO] 
[INFO] --- compiler:3.14.1:compile (default-compile) @ bff-srv ---
[INFO] Nothing to compile - all classes are up to date.
[INFO] 
[INFO] --- resources:3.3.1:testResources (default-testResources) @ bff-srv ---
[INFO] skip non existing resourceDirectory /Users/minhducnguyen/J2N/j2n/backend/bff-srv/src/test/resources
[INFO] 
[INFO] --- compiler:3.14.1:testCompile (default-testCompile) @ bff-srv ---
[INFO] Nothing to compile - all classes are up to date.
[INFO] 
[INFO] --- surefire:3.5.4:test (default-test) @ bff-srv ---
[INFO] Using auto detected provider org.apache.maven.surefire.junitplatform.JUnitPlatformProvider
[INFO] 
[INFO] -------------------------------------------------------
[INFO]  T E S T S
[INFO] -------------------------------------------------------
[INFO] Running com.example.j2n.bff_srv.controller.AuthControllerTest
18:51:31.020 [main] INFO org.springframework.test.context.support.AnnotationConfigContextLoaderUtils -- Could not detect default configuration classes for test class [com.example.j2n.bff_srv.controller.AuthControllerTest]: AuthControllerTest does not declare any static, non-private, non-final, nested classes annotated with @Configuration.
18:51:31.866 [main] INFO org.springframework.boot.test.context.SpringBootTestContextBootstrapper -- Found @SpringBootConfiguration com.example.j2n.bff_srv.BFFSrvApplication for test class com.example.j2n.bff_srv.controller.AuthControllerTest

  .   ____          _            __ _ _
 /\\ / ___'_ __ _ _(_)_ __  __ _ \ \ \ \
( ( )\___ | '_ | '_| | '_ \/ _` | \ \ \ \
 \\/  ___)| |_)| | | | | || (_| |  ) ) ) )
  '  |____| .__|_| |_|_| |_\__, | / / / /
 =========|_|==============|___/=/_/_/_/

 :: Spring Boot ::                (v3.5.7)

2025-12-03T18:51:33.388+07:00  INFO 92875 --- [bff-service] [           main] c.e.j.b.controller.AuthControllerTest    : Starting AuthControllerTest using Java 17.0.13 with PID 92875 (started by minhducnguyen in /Users/minhducnguyen/J2N/j2n/backend/bff-srv)
2025-12-03T18:51:33.395+07:00  INFO 92875 --- [bff-service] [           main] c.e.j.b.controller.AuthControllerTest    : No active profile set, falling back to 1 default profile: "default"
2025-12-03T18:51:41.043+07:00  INFO 92875 --- [bff-service] [           main] o.s.v.b.OptionalValidatorFactoryBean     : Failed to set up a Bean Validation provider: jakarta.validation.NoProviderFoundException: Unable to create a Configuration, because no Jakarta Bean Validation provider could be found. Add a provider like Hibernate Validator (RI) to your classpath.
2025-12-03T18:51:42.121+07:00  WARN 92875 --- [bff-service] [           main] .s.s.UserDetailsServiceAutoConfiguration : 

Using generated security password: 645c595e-b21b-46cd-a5bd-6b5aa5475e9b

This generated password is for development use only. Your security configuration must be updated before running your application in production.

2025-12-03T18:51:42.136+07:00  INFO 92875 --- [bff-service] [           main] r$InitializeUserDetailsManagerConfigurer : Global AuthenticationManager configured with UserDetailsService bean with name inMemoryUserDetailsManager
2025-12-03T18:51:42.399+07:00  INFO 92875 --- [bff-service] [           main] o.s.b.t.m.w.SpringBootMockServletContext : Initializing Spring TestDispatcherServlet ''
2025-12-03T18:51:42.400+07:00  INFO 92875 --- [bff-service] [           main] o.s.t.web.servlet.TestDispatcherServlet  : Initializing Servlet ''
2025-12-03T18:51:42.408+07:00  INFO 92875 --- [bff-service] [           main] o.s.t.web.servlet.TestDispatcherServlet  : Completed initialization in 8 ms
2025-12-03T18:51:42.499+07:00  INFO 92875 --- [bff-service] [           main] c.e.j.b.controller.AuthControllerTest    : Started AuthControllerTest in 10.291 seconds (process running for 14.392)
2025-12-03T18:51:42.855+07:00  WARN 92875 --- [bff-service] [           main] .w.s.m.s.DefaultHandlerExceptionResolver : Resolved [org.springframework.http.converter.HttpMessageNotWritableException: No converter for [class java.lang.Object] with preset Content-Type 'null']

MockHttpServletRequest:
      HTTP Method = POST
      Request URI = /api/bff/login
       Parameters = {_csrf=[w1fqz72PlwQ0M2KLXxoUIqVcQYPeSvcGLUdbDYILw6we-XM0ojPa_Ny-8mEZA1C_ZjcgQJ1qbOK_L8QrHH4_O-Bp9pQtmBcF]}
          Headers = [Content-Type:"application/json;charset=UTF-8", Content-Length:"46"]
             Body = {"user_name":"testuser","password":"password"}
    Session Attrs = {SPRING_SECURITY_CONTEXT=SecurityContextImpl [Authentication=UsernamePasswordAuthenticationToken [Principal=org.springframework.security.core.userdetails.User [Username=user, Password=[PROTECTED], Enabled=true, AccountNonExpired=true, CredentialsNonExpired=true, AccountNonLocked=true, Granted Authorities=[ROLE_USER]], Credentials=[PROTECTED], Authenticated=true, Details=null, Granted Authorities=[ROLE_USER]]]}

Handler:
             Type = com.example.j2n.bff_srv.controller.AuthController
           Method = com.example.j2n.bff_srv.controller.AuthController#login(LoginRequest)

Async:
    Async started = false
     Async result = null

Resolved Exception:
             Type = org.springframework.http.converter.HttpMessageNotWritableException

ModelAndView:
        View name = null
             View = null
            Model = null

FlashMap:
       Attributes = null

MockHttpServletResponse:
           Status = 500
    Error message = null
          Headers = [X-Content-Type-Options:"nosniff", X-XSS-Protection:"0", Cache-Control:"no-cache, no-store, max-age=0, must-revalidate", Pragma:"no-cache", Expires:"0", X-Frame-Options:"DENY"]
     Content type = null
             Body = 
    Forwarded URL = null
   Redirected URL = null
          Cookies = []

MockHttpServletRequest:
      HTTP Method = POST
      Request URI = /api/bff/login
       Parameters = {_csrf=[w1fqz72PlwQ0M2KLXxoUIqVcQYPeSvcGLUdbDYILw6we-XM0ojPa_Ny-8mEZA1C_ZjcgQJ1qbOK_L8QrHH4_O-Bp9pQtmBcF]}
          Headers = [Content-Type:"application/json;charset=UTF-8", Content-Length:"46"]
             Body = {"user_name":"testuser","password":"password"}
    Session Attrs = {SPRING_SECURITY_CONTEXT=SecurityContextImpl [Authentication=UsernamePasswordAuthenticationToken [Principal=org.springframework.security.core.userdetails.User [Username=user, Password=[PROTECTED], Enabled=true, AccountNonExpired=true, CredentialsNonExpired=true, AccountNonLocked=true, Granted Authorities=[ROLE_USER]], Credentials=[PROTECTED], Authenticated=true, Details=null, Granted Authorities=[ROLE_USER]]]}

Handler:
             Type = com.example.j2n.bff_srv.controller.AuthController
           Method = com.example.j2n.bff_srv.controller.AuthController#login(LoginRequest)

Async:
    Async started = false
     Async result = null

Resolved Exception:
             Type = org.springframework.http.converter.HttpMessageNotWritableException

ModelAndView:
        View name = null
             View = null
            Model = null

FlashMap:
       Attributes = null

MockHttpServletResponse:
           Status = 500
    Error message = null
          Headers = [X-Content-Type-Options:"nosniff", X-XSS-Protection:"0", Cache-Control:"no-cache, no-store, max-age=0, must-revalidate", Pragma:"no-cache", Expires:"0", X-Frame-Options:"DENY"]
     Content type = null
             Body = 
    Forwarded URL = null
   Redirected URL = null
          Cookies = []
[ERROR] Tests run: 1, Failures: 1, Errors: 0, Skipped: 0, Time elapsed: 12.57 s <<< FAILURE! -- in com.example.j2n.bff_srv.controller.AuthControllerTest
[ERROR] com.example.j2n.bff_srv.controller.AuthControllerTest.login_ShouldReturnOk -- Time elapsed: 0.425 s <<< FAILURE!
java.lang.AssertionError: Status expected:<200> but was:<500>
	at org.springframework.test.util.AssertionErrors.fail(AssertionErrors.java:61)
	at org.springframework.test.util.AssertionErrors.assertEquals(AssertionErrors.java:128)
	at org.springframework.test.web.servlet.result.StatusResultMatchers.lambda$matcher$9(StatusResultMatchers.java:640)
	at org.springframework.test.web.servlet.MockMvc$1.andExpect(MockMvc.java:214)
	at com.example.j2n.bff_srv.controller.AuthControllerTest.login_ShouldReturnOk(AuthControllerTest.java:63)
	at java.base/java.lang.reflect.Method.invoke(Method.java:569)
	at java.base/java.util.ArrayList.forEach(ArrayList.java:1511)
	at java.base/java.util.ArrayList.forEach(ArrayList.java:1511)

[INFO] 
[INFO] Results:
[INFO] 
[ERROR] Failures: 
[ERROR]   AuthControllerTest.login_ShouldReturnOk:63 Status expected:<200> but was:<500>
[INFO] 
[ERROR] Tests run: 1, Failures: 1, Errors: 0, Skipped: 0
[INFO] 
[INFO] ------------------------------------------------------------------------
[INFO] BUILD FAILURE
[INFO] ------------------------------------------------------------------------
[INFO] Total time:  24.442 s
[INFO] Finished at: 2025-12-03T18:51:43+07:00
[INFO] ------------------------------------------------------------------------
[ERROR] Failed to execute goal org.apache.maven.plugins:maven-surefire-plugin:3.5.4:test (default-test) on project bff-srv: There are test failures.
[ERROR] 
[ERROR] See /Users/minhducnguyen/J2N/j2n/backend/bff-srv/target/surefire-reports for the individual test results.
[ERROR] See dump files (if any exist) [date].dump, [date]-jvmRun[N].dump and [date].dumpstream.
[ERROR] -> [Help 1]
[ERROR] 
[ERROR] To see the full stack trace of the errors, re-run Maven with the -e switch.
[ERROR] Re-run Maven using the -X switch to enable full debug logging.
[ERROR] 
[ERROR] For more information about the errors and possible solutions, please read the following articles:
[ERROR] [Help 1] http://cwiki.apache.org/confluence/display/MAVEN/MojoFailureException
